#! /usr/bin/vvp
:ivl_version "11.0 (stable)";
:ivl_delay_selection "TYPICAL";
:vpi_time_precision + 0;
:vpi_module "/usr/lib/x86_64-linux-gnu/ivl/system.vpi";
:vpi_module "/usr/lib/x86_64-linux-gnu/ivl/vhdl_sys.vpi";
:vpi_module "/usr/lib/x86_64-linux-gnu/ivl/vhdl_textio.vpi";
:vpi_module "/usr/lib/x86_64-linux-gnu/ivl/v2005_math.vpi";
:vpi_module "/usr/lib/x86_64-linux-gnu/ivl/va_math.vpi";
S_0x7fffe2235a50 .scope module, "ALU" "ALU" 2 1;
 .timescale 0 0;
    .port_info 0 /INPUT 4 "A";
    .port_info 1 /INPUT 4 "B";
    .port_info 2 /INPUT 2 "ALUop";
    .port_info 3 /OUTPUT 4 "Result";
o0x7fd82ba00018 .functor BUFZ 4, C4<zzzz>; HiZ drive
v0x7fffe2243ca0_0 .net "A", 3 0, o0x7fd82ba00018;  0 drivers
o0x7fd82ba00048 .functor BUFZ 2, C4<zz>; HiZ drive
v0x7fffe2260580_0 .net "ALUop", 1 0, o0x7fd82ba00048;  0 drivers
o0x7fd82ba00078 .functor BUFZ 4, C4<zzzz>; HiZ drive
v0x7fffe2260660_0 .net "B", 3 0, o0x7fd82ba00078;  0 drivers
v0x7fffe2260720_0 .var "Result", 3 0;
E_0x7fffe2240ef0 .event edge, v0x7fffe2260580_0, v0x7fffe2243ca0_0, v0x7fffe2260660_0;
S_0x7fffe22457a0 .scope module, "InstructionMemory" "InstructionMemory" 3 1;
 .timescale 0 0;
    .port_info 0 /INPUT 8 "addr";
    .port_info 1 /OUTPUT 16 "instruction";
o0x7fd82ba00198 .functor BUFZ 8, C4<zzzzzzzz>; HiZ drive
v0x7fffe22610b0_0 .net "addr", 7 0, o0x7fd82ba00198;  0 drivers
v0x7fffe22611b0_0 .var "instruction", 15 0;
v0x7fffe2261290 .array "memory", 255 0, 15 0;
v0x7fffe2261290_0 .array/port v0x7fffe2261290, 0;
v0x7fffe2261290_1 .array/port v0x7fffe2261290, 1;
v0x7fffe2261290_2 .array/port v0x7fffe2261290, 2;
E_0x7fffe222b9b0/0 .event edge, v0x7fffe22610b0_0, v0x7fffe2261290_0, v0x7fffe2261290_1, v0x7fffe2261290_2;
v0x7fffe2261290_3 .array/port v0x7fffe2261290, 3;
v0x7fffe2261290_4 .array/port v0x7fffe2261290, 4;
v0x7fffe2261290_5 .array/port v0x7fffe2261290, 5;
v0x7fffe2261290_6 .array/port v0x7fffe2261290, 6;
E_0x7fffe222b9b0/1 .event edge, v0x7fffe2261290_3, v0x7fffe2261290_4, v0x7fffe2261290_5, v0x7fffe2261290_6;
v0x7fffe2261290_7 .array/port v0x7fffe2261290, 7;
v0x7fffe2261290_8 .array/port v0x7fffe2261290, 8;
v0x7fffe2261290_9 .array/port v0x7fffe2261290, 9;
v0x7fffe2261290_10 .array/port v0x7fffe2261290, 10;
E_0x7fffe222b9b0/2 .event edge, v0x7fffe2261290_7, v0x7fffe2261290_8, v0x7fffe2261290_9, v0x7fffe2261290_10;
v0x7fffe2261290_11 .array/port v0x7fffe2261290, 11;
v0x7fffe2261290_12 .array/port v0x7fffe2261290, 12;
v0x7fffe2261290_13 .array/port v0x7fffe2261290, 13;
v0x7fffe2261290_14 .array/port v0x7fffe2261290, 14;
E_0x7fffe222b9b0/3 .event edge, v0x7fffe2261290_11, v0x7fffe2261290_12, v0x7fffe2261290_13, v0x7fffe2261290_14;
v0x7fffe2261290_15 .array/port v0x7fffe2261290, 15;
v0x7fffe2261290_16 .array/port v0x7fffe2261290, 16;
v0x7fffe2261290_17 .array/port v0x7fffe2261290, 17;
v0x7fffe2261290_18 .array/port v0x7fffe2261290, 18;
E_0x7fffe222b9b0/4 .event edge, v0x7fffe2261290_15, v0x7fffe2261290_16, v0x7fffe2261290_17, v0x7fffe2261290_18;
v0x7fffe2261290_19 .array/port v0x7fffe2261290, 19;
v0x7fffe2261290_20 .array/port v0x7fffe2261290, 20;
v0x7fffe2261290_21 .array/port v0x7fffe2261290, 21;
v0x7fffe2261290_22 .array/port v0x7fffe2261290, 22;
E_0x7fffe222b9b0/5 .event edge, v0x7fffe2261290_19, v0x7fffe2261290_20, v0x7fffe2261290_21, v0x7fffe2261290_22;
v0x7fffe2261290_23 .array/port v0x7fffe2261290, 23;
v0x7fffe2261290_24 .array/port v0x7fffe2261290, 24;
v0x7fffe2261290_25 .array/port v0x7fffe2261290, 25;
v0x7fffe2261290_26 .array/port v0x7fffe2261290, 26;
E_0x7fffe222b9b0/6 .event edge, v0x7fffe2261290_23, v0x7fffe2261290_24, v0x7fffe2261290_25, v0x7fffe2261290_26;
v0x7fffe2261290_27 .array/port v0x7fffe2261290, 27;
v0x7fffe2261290_28 .array/port v0x7fffe2261290, 28;
v0x7fffe2261290_29 .array/port v0x7fffe2261290, 29;
v0x7fffe2261290_30 .array/port v0x7fffe2261290, 30;
E_0x7fffe222b9b0/7 .event edge, v0x7fffe2261290_27, v0x7fffe2261290_28, v0x7fffe2261290_29, v0x7fffe2261290_30;
v0x7fffe2261290_31 .array/port v0x7fffe2261290, 31;
v0x7fffe2261290_32 .array/port v0x7fffe2261290, 32;
v0x7fffe2261290_33 .array/port v0x7fffe2261290, 33;
v0x7fffe2261290_34 .array/port v0x7fffe2261290, 34;
E_0x7fffe222b9b0/8 .event edge, v0x7fffe2261290_31, v0x7fffe2261290_32, v0x7fffe2261290_33, v0x7fffe2261290_34;
v0x7fffe2261290_35 .array/port v0x7fffe2261290, 35;
v0x7fffe2261290_36 .array/port v0x7fffe2261290, 36;
v0x7fffe2261290_37 .array/port v0x7fffe2261290, 37;
v0x7fffe2261290_38 .array/port v0x7fffe2261290, 38;
E_0x7fffe222b9b0/9 .event edge, v0x7fffe2261290_35, v0x7fffe2261290_36, v0x7fffe2261290_37, v0x7fffe2261290_38;
v0x7fffe2261290_39 .array/port v0x7fffe2261290, 39;
v0x7fffe2261290_40 .array/port v0x7fffe2261290, 40;
v0x7fffe2261290_41 .array/port v0x7fffe2261290, 41;
v0x7fffe2261290_42 .array/port v0x7fffe2261290, 42;
E_0x7fffe222b9b0/10 .event edge, v0x7fffe2261290_39, v0x7fffe2261290_40, v0x7fffe2261290_41, v0x7fffe2261290_42;
v0x7fffe2261290_43 .array/port v0x7fffe2261290, 43;
v0x7fffe2261290_44 .array/port v0x7fffe2261290, 44;
v0x7fffe2261290_45 .array/port v0x7fffe2261290, 45;
v0x7fffe2261290_46 .array/port v0x7fffe2261290, 46;
E_0x7fffe222b9b0/11 .event edge, v0x7fffe2261290_43, v0x7fffe2261290_44, v0x7fffe2261290_45, v0x7fffe2261290_46;
v0x7fffe2261290_47 .array/port v0x7fffe2261290, 47;
v0x7fffe2261290_48 .array/port v0x7fffe2261290, 48;
v0x7fffe2261290_49 .array/port v0x7fffe2261290, 49;
v0x7fffe2261290_50 .array/port v0x7fffe2261290, 50;
E_0x7fffe222b9b0/12 .event edge, v0x7fffe2261290_47, v0x7fffe2261290_48, v0x7fffe2261290_49, v0x7fffe2261290_50;
v0x7fffe2261290_51 .array/port v0x7fffe2261290, 51;
v0x7fffe2261290_52 .array/port v0x7fffe2261290, 52;
v0x7fffe2261290_53 .array/port v0x7fffe2261290, 53;
v0x7fffe2261290_54 .array/port v0x7fffe2261290, 54;
E_0x7fffe222b9b0/13 .event edge, v0x7fffe2261290_51, v0x7fffe2261290_52, v0x7fffe2261290_53, v0x7fffe2261290_54;
v0x7fffe2261290_55 .array/port v0x7fffe2261290, 55;
v0x7fffe2261290_56 .array/port v0x7fffe2261290, 56;
v0x7fffe2261290_57 .array/port v0x7fffe2261290, 57;
v0x7fffe2261290_58 .array/port v0x7fffe2261290, 58;
E_0x7fffe222b9b0/14 .event edge, v0x7fffe2261290_55, v0x7fffe2261290_56, v0x7fffe2261290_57, v0x7fffe2261290_58;
v0x7fffe2261290_59 .array/port v0x7fffe2261290, 59;
v0x7fffe2261290_60 .array/port v0x7fffe2261290, 60;
v0x7fffe2261290_61 .array/port v0x7fffe2261290, 61;
v0x7fffe2261290_62 .array/port v0x7fffe2261290, 62;
E_0x7fffe222b9b0/15 .event edge, v0x7fffe2261290_59, v0x7fffe2261290_60, v0x7fffe2261290_61, v0x7fffe2261290_62;
v0x7fffe2261290_63 .array/port v0x7fffe2261290, 63;
v0x7fffe2261290_64 .array/port v0x7fffe2261290, 64;
v0x7fffe2261290_65 .array/port v0x7fffe2261290, 65;
v0x7fffe2261290_66 .array/port v0x7fffe2261290, 66;
E_0x7fffe222b9b0/16 .event edge, v0x7fffe2261290_63, v0x7fffe2261290_64, v0x7fffe2261290_65, v0x7fffe2261290_66;
v0x7fffe2261290_67 .array/port v0x7fffe2261290, 67;
v0x7fffe2261290_68 .array/port v0x7fffe2261290, 68;
v0x7fffe2261290_69 .array/port v0x7fffe2261290, 69;
v0x7fffe2261290_70 .array/port v0x7fffe2261290, 70;
E_0x7fffe222b9b0/17 .event edge, v0x7fffe2261290_67, v0x7fffe2261290_68, v0x7fffe2261290_69, v0x7fffe2261290_70;
v0x7fffe2261290_71 .array/port v0x7fffe2261290, 71;
v0x7fffe2261290_72 .array/port v0x7fffe2261290, 72;
v0x7fffe2261290_73 .array/port v0x7fffe2261290, 73;
v0x7fffe2261290_74 .array/port v0x7fffe2261290, 74;
E_0x7fffe222b9b0/18 .event edge, v0x7fffe2261290_71, v0x7fffe2261290_72, v0x7fffe2261290_73, v0x7fffe2261290_74;
v0x7fffe2261290_75 .array/port v0x7fffe2261290, 75;
v0x7fffe2261290_76 .array/port v0x7fffe2261290, 76;
v0x7fffe2261290_77 .array/port v0x7fffe2261290, 77;
v0x7fffe2261290_78 .array/port v0x7fffe2261290, 78;
E_0x7fffe222b9b0/19 .event edge, v0x7fffe2261290_75, v0x7fffe2261290_76, v0x7fffe2261290_77, v0x7fffe2261290_78;
v0x7fffe2261290_79 .array/port v0x7fffe2261290, 79;
v0x7fffe2261290_80 .array/port v0x7fffe2261290, 80;
v0x7fffe2261290_81 .array/port v0x7fffe2261290, 81;
v0x7fffe2261290_82 .array/port v0x7fffe2261290, 82;
E_0x7fffe222b9b0/20 .event edge, v0x7fffe2261290_79, v0x7fffe2261290_80, v0x7fffe2261290_81, v0x7fffe2261290_82;
v0x7fffe2261290_83 .array/port v0x7fffe2261290, 83;
v0x7fffe2261290_84 .array/port v0x7fffe2261290, 84;
v0x7fffe2261290_85 .array/port v0x7fffe2261290, 85;
v0x7fffe2261290_86 .array/port v0x7fffe2261290, 86;
E_0x7fffe222b9b0/21 .event edge, v0x7fffe2261290_83, v0x7fffe2261290_84, v0x7fffe2261290_85, v0x7fffe2261290_86;
v0x7fffe2261290_87 .array/port v0x7fffe2261290, 87;
v0x7fffe2261290_88 .array/port v0x7fffe2261290, 88;
v0x7fffe2261290_89 .array/port v0x7fffe2261290, 89;
v0x7fffe2261290_90 .array/port v0x7fffe2261290, 90;
E_0x7fffe222b9b0/22 .event edge, v0x7fffe2261290_87, v0x7fffe2261290_88, v0x7fffe2261290_89, v0x7fffe2261290_90;
v0x7fffe2261290_91 .array/port v0x7fffe2261290, 91;
v0x7fffe2261290_92 .array/port v0x7fffe2261290, 92;
v0x7fffe2261290_93 .array/port v0x7fffe2261290, 93;
v0x7fffe2261290_94 .array/port v0x7fffe2261290, 94;
E_0x7fffe222b9b0/23 .event edge, v0x7fffe2261290_91, v0x7fffe2261290_92, v0x7fffe2261290_93, v0x7fffe2261290_94;
v0x7fffe2261290_95 .array/port v0x7fffe2261290, 95;
v0x7fffe2261290_96 .array/port v0x7fffe2261290, 96;
v0x7fffe2261290_97 .array/port v0x7fffe2261290, 97;
v0x7fffe2261290_98 .array/port v0x7fffe2261290, 98;
E_0x7fffe222b9b0/24 .event edge, v0x7fffe2261290_95, v0x7fffe2261290_96, v0x7fffe2261290_97, v0x7fffe2261290_98;
v0x7fffe2261290_99 .array/port v0x7fffe2261290, 99;
v0x7fffe2261290_100 .array/port v0x7fffe2261290, 100;
v0x7fffe2261290_101 .array/port v0x7fffe2261290, 101;
v0x7fffe2261290_102 .array/port v0x7fffe2261290, 102;
E_0x7fffe222b9b0/25 .event edge, v0x7fffe2261290_99, v0x7fffe2261290_100, v0x7fffe2261290_101, v0x7fffe2261290_102;
v0x7fffe2261290_103 .array/port v0x7fffe2261290, 103;
v0x7fffe2261290_104 .array/port v0x7fffe2261290, 104;
v0x7fffe2261290_105 .array/port v0x7fffe2261290, 105;
v0x7fffe2261290_106 .array/port v0x7fffe2261290, 106;
E_0x7fffe222b9b0/26 .event edge, v0x7fffe2261290_103, v0x7fffe2261290_104, v0x7fffe2261290_105, v0x7fffe2261290_106;
v0x7fffe2261290_107 .array/port v0x7fffe2261290, 107;
v0x7fffe2261290_108 .array/port v0x7fffe2261290, 108;
v0x7fffe2261290_109 .array/port v0x7fffe2261290, 109;
v0x7fffe2261290_110 .array/port v0x7fffe2261290, 110;
E_0x7fffe222b9b0/27 .event edge, v0x7fffe2261290_107, v0x7fffe2261290_108, v0x7fffe2261290_109, v0x7fffe2261290_110;
v0x7fffe2261290_111 .array/port v0x7fffe2261290, 111;
v0x7fffe2261290_112 .array/port v0x7fffe2261290, 112;
v0x7fffe2261290_113 .array/port v0x7fffe2261290, 113;
v0x7fffe2261290_114 .array/port v0x7fffe2261290, 114;
E_0x7fffe222b9b0/28 .event edge, v0x7fffe2261290_111, v0x7fffe2261290_112, v0x7fffe2261290_113, v0x7fffe2261290_114;
v0x7fffe2261290_115 .array/port v0x7fffe2261290, 115;
v0x7fffe2261290_116 .array/port v0x7fffe2261290, 116;
v0x7fffe2261290_117 .array/port v0x7fffe2261290, 117;
v0x7fffe2261290_118 .array/port v0x7fffe2261290, 118;
E_0x7fffe222b9b0/29 .event edge, v0x7fffe2261290_115, v0x7fffe2261290_116, v0x7fffe2261290_117, v0x7fffe2261290_118;
v0x7fffe2261290_119 .array/port v0x7fffe2261290, 119;
v0x7fffe2261290_120 .array/port v0x7fffe2261290, 120;
v0x7fffe2261290_121 .array/port v0x7fffe2261290, 121;
v0x7fffe2261290_122 .array/port v0x7fffe2261290, 122;
E_0x7fffe222b9b0/30 .event edge, v0x7fffe2261290_119, v0x7fffe2261290_120, v0x7fffe2261290_121, v0x7fffe2261290_122;
v0x7fffe2261290_123 .array/port v0x7fffe2261290, 123;
v0x7fffe2261290_124 .array/port v0x7fffe2261290, 124;
v0x7fffe2261290_125 .array/port v0x7fffe2261290, 125;
v0x7fffe2261290_126 .array/port v0x7fffe2261290, 126;
E_0x7fffe222b9b0/31 .event edge, v0x7fffe2261290_123, v0x7fffe2261290_124, v0x7fffe2261290_125, v0x7fffe2261290_126;
v0x7fffe2261290_127 .array/port v0x7fffe2261290, 127;
v0x7fffe2261290_128 .array/port v0x7fffe2261290, 128;
v0x7fffe2261290_129 .array/port v0x7fffe2261290, 129;
v0x7fffe2261290_130 .array/port v0x7fffe2261290, 130;
E_0x7fffe222b9b0/32 .event edge, v0x7fffe2261290_127, v0x7fffe2261290_128, v0x7fffe2261290_129, v0x7fffe2261290_130;
v0x7fffe2261290_131 .array/port v0x7fffe2261290, 131;
v0x7fffe2261290_132 .array/port v0x7fffe2261290, 132;
v0x7fffe2261290_133 .array/port v0x7fffe2261290, 133;
v0x7fffe2261290_134 .array/port v0x7fffe2261290, 134;
E_0x7fffe222b9b0/33 .event edge, v0x7fffe2261290_131, v0x7fffe2261290_132, v0x7fffe2261290_133, v0x7fffe2261290_134;
v0x7fffe2261290_135 .array/port v0x7fffe2261290, 135;
v0x7fffe2261290_136 .array/port v0x7fffe2261290, 136;
v0x7fffe2261290_137 .array/port v0x7fffe2261290, 137;
v0x7fffe2261290_138 .array/port v0x7fffe2261290, 138;
E_0x7fffe222b9b0/34 .event edge, v0x7fffe2261290_135, v0x7fffe2261290_136, v0x7fffe2261290_137, v0x7fffe2261290_138;
v0x7fffe2261290_139 .array/port v0x7fffe2261290, 139;
v0x7fffe2261290_140 .array/port v0x7fffe2261290, 140;
v0x7fffe2261290_141 .array/port v0x7fffe2261290, 141;
v0x7fffe2261290_142 .array/port v0x7fffe2261290, 142;
E_0x7fffe222b9b0/35 .event edge, v0x7fffe2261290_139, v0x7fffe2261290_140, v0x7fffe2261290_141, v0x7fffe2261290_142;
v0x7fffe2261290_143 .array/port v0x7fffe2261290, 143;
v0x7fffe2261290_144 .array/port v0x7fffe2261290, 144;
v0x7fffe2261290_145 .array/port v0x7fffe2261290, 145;
v0x7fffe2261290_146 .array/port v0x7fffe2261290, 146;
E_0x7fffe222b9b0/36 .event edge, v0x7fffe2261290_143, v0x7fffe2261290_144, v0x7fffe2261290_145, v0x7fffe2261290_146;
v0x7fffe2261290_147 .array/port v0x7fffe2261290, 147;
v0x7fffe2261290_148 .array/port v0x7fffe2261290, 148;
v0x7fffe2261290_149 .array/port v0x7fffe2261290, 149;
v0x7fffe2261290_150 .array/port v0x7fffe2261290, 150;
E_0x7fffe222b9b0/37 .event edge, v0x7fffe2261290_147, v0x7fffe2261290_148, v0x7fffe2261290_149, v0x7fffe2261290_150;
v0x7fffe2261290_151 .array/port v0x7fffe2261290, 151;
v0x7fffe2261290_152 .array/port v0x7fffe2261290, 152;
v0x7fffe2261290_153 .array/port v0x7fffe2261290, 153;
v0x7fffe2261290_154 .array/port v0x7fffe2261290, 154;
E_0x7fffe222b9b0/38 .event edge, v0x7fffe2261290_151, v0x7fffe2261290_152, v0x7fffe2261290_153, v0x7fffe2261290_154;
v0x7fffe2261290_155 .array/port v0x7fffe2261290, 155;
v0x7fffe2261290_156 .array/port v0x7fffe2261290, 156;
v0x7fffe2261290_157 .array/port v0x7fffe2261290, 157;
v0x7fffe2261290_158 .array/port v0x7fffe2261290, 158;
E_0x7fffe222b9b0/39 .event edge, v0x7fffe2261290_155, v0x7fffe2261290_156, v0x7fffe2261290_157, v0x7fffe2261290_158;
v0x7fffe2261290_159 .array/port v0x7fffe2261290, 159;
v0x7fffe2261290_160 .array/port v0x7fffe2261290, 160;
v0x7fffe2261290_161 .array/port v0x7fffe2261290, 161;
v0x7fffe2261290_162 .array/port v0x7fffe2261290, 162;
E_0x7fffe222b9b0/40 .event edge, v0x7fffe2261290_159, v0x7fffe2261290_160, v0x7fffe2261290_161, v0x7fffe2261290_162;
v0x7fffe2261290_163 .array/port v0x7fffe2261290, 163;
v0x7fffe2261290_164 .array/port v0x7fffe2261290, 164;
v0x7fffe2261290_165 .array/port v0x7fffe2261290, 165;
v0x7fffe2261290_166 .array/port v0x7fffe2261290, 166;
E_0x7fffe222b9b0/41 .event edge, v0x7fffe2261290_163, v0x7fffe2261290_164, v0x7fffe2261290_165, v0x7fffe2261290_166;
v0x7fffe2261290_167 .array/port v0x7fffe2261290, 167;
v0x7fffe2261290_168 .array/port v0x7fffe2261290, 168;
v0x7fffe2261290_169 .array/port v0x7fffe2261290, 169;
v0x7fffe2261290_170 .array/port v0x7fffe2261290, 170;
E_0x7fffe222b9b0/42 .event edge, v0x7fffe2261290_167, v0x7fffe2261290_168, v0x7fffe2261290_169, v0x7fffe2261290_170;
v0x7fffe2261290_171 .array/port v0x7fffe2261290, 171;
v0x7fffe2261290_172 .array/port v0x7fffe2261290, 172;
v0x7fffe2261290_173 .array/port v0x7fffe2261290, 173;
v0x7fffe2261290_174 .array/port v0x7fffe2261290, 174;
E_0x7fffe222b9b0/43 .event edge, v0x7fffe2261290_171, v0x7fffe2261290_172, v0x7fffe2261290_173, v0x7fffe2261290_174;
v0x7fffe2261290_175 .array/port v0x7fffe2261290, 175;
v0x7fffe2261290_176 .array/port v0x7fffe2261290, 176;
v0x7fffe2261290_177 .array/port v0x7fffe2261290, 177;
v0x7fffe2261290_178 .array/port v0x7fffe2261290, 178;
E_0x7fffe222b9b0/44 .event edge, v0x7fffe2261290_175, v0x7fffe2261290_176, v0x7fffe2261290_177, v0x7fffe2261290_178;
v0x7fffe2261290_179 .array/port v0x7fffe2261290, 179;
v0x7fffe2261290_180 .array/port v0x7fffe2261290, 180;
v0x7fffe2261290_181 .array/port v0x7fffe2261290, 181;
v0x7fffe2261290_182 .array/port v0x7fffe2261290, 182;
E_0x7fffe222b9b0/45 .event edge, v0x7fffe2261290_179, v0x7fffe2261290_180, v0x7fffe2261290_181, v0x7fffe2261290_182;
v0x7fffe2261290_183 .array/port v0x7fffe2261290, 183;
v0x7fffe2261290_184 .array/port v0x7fffe2261290, 184;
v0x7fffe2261290_185 .array/port v0x7fffe2261290, 185;
v0x7fffe2261290_186 .array/port v0x7fffe2261290, 186;
E_0x7fffe222b9b0/46 .event edge, v0x7fffe2261290_183, v0x7fffe2261290_184, v0x7fffe2261290_185, v0x7fffe2261290_186;
v0x7fffe2261290_187 .array/port v0x7fffe2261290, 187;
v0x7fffe2261290_188 .array/port v0x7fffe2261290, 188;
v0x7fffe2261290_189 .array/port v0x7fffe2261290, 189;
v0x7fffe2261290_190 .array/port v0x7fffe2261290, 190;
E_0x7fffe222b9b0/47 .event edge, v0x7fffe2261290_187, v0x7fffe2261290_188, v0x7fffe2261290_189, v0x7fffe2261290_190;
v0x7fffe2261290_191 .array/port v0x7fffe2261290, 191;
v0x7fffe2261290_192 .array/port v0x7fffe2261290, 192;
v0x7fffe2261290_193 .array/port v0x7fffe2261290, 193;
v0x7fffe2261290_194 .array/port v0x7fffe2261290, 194;
E_0x7fffe222b9b0/48 .event edge, v0x7fffe2261290_191, v0x7fffe2261290_192, v0x7fffe2261290_193, v0x7fffe2261290_194;
v0x7fffe2261290_195 .array/port v0x7fffe2261290, 195;
v0x7fffe2261290_196 .array/port v0x7fffe2261290, 196;
v0x7fffe2261290_197 .array/port v0x7fffe2261290, 197;
v0x7fffe2261290_198 .array/port v0x7fffe2261290, 198;
E_0x7fffe222b9b0/49 .event edge, v0x7fffe2261290_195, v0x7fffe2261290_196, v0x7fffe2261290_197, v0x7fffe2261290_198;
v0x7fffe2261290_199 .array/port v0x7fffe2261290, 199;
v0x7fffe2261290_200 .array/port v0x7fffe2261290, 200;
v0x7fffe2261290_201 .array/port v0x7fffe2261290, 201;
v0x7fffe2261290_202 .array/port v0x7fffe2261290, 202;
E_0x7fffe222b9b0/50 .event edge, v0x7fffe2261290_199, v0x7fffe2261290_200, v0x7fffe2261290_201, v0x7fffe2261290_202;
v0x7fffe2261290_203 .array/port v0x7fffe2261290, 203;
v0x7fffe2261290_204 .array/port v0x7fffe2261290, 204;
v0x7fffe2261290_205 .array/port v0x7fffe2261290, 205;
v0x7fffe2261290_206 .array/port v0x7fffe2261290, 206;
E_0x7fffe222b9b0/51 .event edge, v0x7fffe2261290_203, v0x7fffe2261290_204, v0x7fffe2261290_205, v0x7fffe2261290_206;
v0x7fffe2261290_207 .array/port v0x7fffe2261290, 207;
v0x7fffe2261290_208 .array/port v0x7fffe2261290, 208;
v0x7fffe2261290_209 .array/port v0x7fffe2261290, 209;
v0x7fffe2261290_210 .array/port v0x7fffe2261290, 210;
E_0x7fffe222b9b0/52 .event edge, v0x7fffe2261290_207, v0x7fffe2261290_208, v0x7fffe2261290_209, v0x7fffe2261290_210;
v0x7fffe2261290_211 .array/port v0x7fffe2261290, 211;
v0x7fffe2261290_212 .array/port v0x7fffe2261290, 212;
v0x7fffe2261290_213 .array/port v0x7fffe2261290, 213;
v0x7fffe2261290_214 .array/port v0x7fffe2261290, 214;
E_0x7fffe222b9b0/53 .event edge, v0x7fffe2261290_211, v0x7fffe2261290_212, v0x7fffe2261290_213, v0x7fffe2261290_214;
v0x7fffe2261290_215 .array/port v0x7fffe2261290, 215;
v0x7fffe2261290_216 .array/port v0x7fffe2261290, 216;
v0x7fffe2261290_217 .array/port v0x7fffe2261290, 217;
v0x7fffe2261290_218 .array/port v0x7fffe2261290, 218;
E_0x7fffe222b9b0/54 .event edge, v0x7fffe2261290_215, v0x7fffe2261290_216, v0x7fffe2261290_217, v0x7fffe2261290_218;
v0x7fffe2261290_219 .array/port v0x7fffe2261290, 219;
v0x7fffe2261290_220 .array/port v0x7fffe2261290, 220;
v0x7fffe2261290_221 .array/port v0x7fffe2261290, 221;
v0x7fffe2261290_222 .array/port v0x7fffe2261290, 222;
E_0x7fffe222b9b0/55 .event edge, v0x7fffe2261290_219, v0x7fffe2261290_220, v0x7fffe2261290_221, v0x7fffe2261290_222;
v0x7fffe2261290_223 .array/port v0x7fffe2261290, 223;
v0x7fffe2261290_224 .array/port v0x7fffe2261290, 224;
v0x7fffe2261290_225 .array/port v0x7fffe2261290, 225;
v0x7fffe2261290_226 .array/port v0x7fffe2261290, 226;
E_0x7fffe222b9b0/56 .event edge, v0x7fffe2261290_223, v0x7fffe2261290_224, v0x7fffe2261290_225, v0x7fffe2261290_226;
v0x7fffe2261290_227 .array/port v0x7fffe2261290, 227;
v0x7fffe2261290_228 .array/port v0x7fffe2261290, 228;
v0x7fffe2261290_229 .array/port v0x7fffe2261290, 229;
v0x7fffe2261290_230 .array/port v0x7fffe2261290, 230;
E_0x7fffe222b9b0/57 .event edge, v0x7fffe2261290_227, v0x7fffe2261290_228, v0x7fffe2261290_229, v0x7fffe2261290_230;
v0x7fffe2261290_231 .array/port v0x7fffe2261290, 231;
v0x7fffe2261290_232 .array/port v0x7fffe2261290, 232;
v0x7fffe2261290_233 .array/port v0x7fffe2261290, 233;
v0x7fffe2261290_234 .array/port v0x7fffe2261290, 234;
E_0x7fffe222b9b0/58 .event edge, v0x7fffe2261290_231, v0x7fffe2261290_232, v0x7fffe2261290_233, v0x7fffe2261290_234;
v0x7fffe2261290_235 .array/port v0x7fffe2261290, 235;
v0x7fffe2261290_236 .array/port v0x7fffe2261290, 236;
v0x7fffe2261290_237 .array/port v0x7fffe2261290, 237;
v0x7fffe2261290_238 .array/port v0x7fffe2261290, 238;
E_0x7fffe222b9b0/59 .event edge, v0x7fffe2261290_235, v0x7fffe2261290_236, v0x7fffe2261290_237, v0x7fffe2261290_238;
v0x7fffe2261290_239 .array/port v0x7fffe2261290, 239;
v0x7fffe2261290_240 .array/port v0x7fffe2261290, 240;
v0x7fffe2261290_241 .array/port v0x7fffe2261290, 241;
v0x7fffe2261290_242 .array/port v0x7fffe2261290, 242;
E_0x7fffe222b9b0/60 .event edge, v0x7fffe2261290_239, v0x7fffe2261290_240, v0x7fffe2261290_241, v0x7fffe2261290_242;
v0x7fffe2261290_243 .array/port v0x7fffe2261290, 243;
v0x7fffe2261290_244 .array/port v0x7fffe2261290, 244;
v0x7fffe2261290_245 .array/port v0x7fffe2261290, 245;
v0x7fffe2261290_246 .array/port v0x7fffe2261290, 246;
E_0x7fffe222b9b0/61 .event edge, v0x7fffe2261290_243, v0x7fffe2261290_244, v0x7fffe2261290_245, v0x7fffe2261290_246;
v0x7fffe2261290_247 .array/port v0x7fffe2261290, 247;
v0x7fffe2261290_248 .array/port v0x7fffe2261290, 248;
v0x7fffe2261290_249 .array/port v0x7fffe2261290, 249;
v0x7fffe2261290_250 .array/port v0x7fffe2261290, 250;
E_0x7fffe222b9b0/62 .event edge, v0x7fffe2261290_247, v0x7fffe2261290_248, v0x7fffe2261290_249, v0x7fffe2261290_250;
v0x7fffe2261290_251 .array/port v0x7fffe2261290, 251;
v0x7fffe2261290_252 .array/port v0x7fffe2261290, 252;
v0x7fffe2261290_253 .array/port v0x7fffe2261290, 253;
v0x7fffe2261290_254 .array/port v0x7fffe2261290, 254;
E_0x7fffe222b9b0/63 .event edge, v0x7fffe2261290_251, v0x7fffe2261290_252, v0x7fffe2261290_253, v0x7fffe2261290_254;
v0x7fffe2261290_255 .array/port v0x7fffe2261290, 255;
E_0x7fffe222b9b0/64 .event edge, v0x7fffe2261290_255;
E_0x7fffe222b9b0 .event/or E_0x7fffe222b9b0/0, E_0x7fffe222b9b0/1, E_0x7fffe222b9b0/2, E_0x7fffe222b9b0/3, E_0x7fffe222b9b0/4, E_0x7fffe222b9b0/5, E_0x7fffe222b9b0/6, E_0x7fffe222b9b0/7, E_0x7fffe222b9b0/8, E_0x7fffe222b9b0/9, E_0x7fffe222b9b0/10, E_0x7fffe222b9b0/11, E_0x7fffe222b9b0/12, E_0x7fffe222b9b0/13, E_0x7fffe222b9b0/14, E_0x7fffe222b9b0/15, E_0x7fffe222b9b0/16, E_0x7fffe222b9b0/17, E_0x7fffe222b9b0/18, E_0x7fffe222b9b0/19, E_0x7fffe222b9b0/20, E_0x7fffe222b9b0/21, E_0x7fffe222b9b0/22, E_0x7fffe222b9b0/23, E_0x7fffe222b9b0/24, E_0x7fffe222b9b0/25, E_0x7fffe222b9b0/26, E_0x7fffe222b9b0/27, E_0x7fffe222b9b0/28, E_0x7fffe222b9b0/29, E_0x7fffe222b9b0/30, E_0x7fffe222b9b0/31, E_0x7fffe222b9b0/32, E_0x7fffe222b9b0/33, E_0x7fffe222b9b0/34, E_0x7fffe222b9b0/35, E_0x7fffe222b9b0/36, E_0x7fffe222b9b0/37, E_0x7fffe222b9b0/38, E_0x7fffe222b9b0/39, E_0x7fffe222b9b0/40, E_0x7fffe222b9b0/41, E_0x7fffe222b9b0/42, E_0x7fffe222b9b0/43, E_0x7fffe222b9b0/44, E_0x7fffe222b9b0/45, E_0x7fffe222b9b0/46, E_0x7fffe222b9b0/47, E_0x7fffe222b9b0/48, E_0x7fffe222b9b0/49, E_0x7fffe222b9b0/50, E_0x7fffe222b9b0/51, E_0x7fffe222b9b0/52, E_0x7fffe222b9b0/53, E_0x7fffe222b9b0/54, E_0x7fffe222b9b0/55, E_0x7fffe222b9b0/56, E_0x7fffe222b9b0/57, E_0x7fffe222b9b0/58, E_0x7fffe222b9b0/59, E_0x7fffe222b9b0/60, E_0x7fffe222b9b0/61, E_0x7fffe222b9b0/62, E_0x7fffe222b9b0/63, E_0x7fffe222b9b0/64;
S_0x7fffe2245930 .scope module, "ProgramCounter" "ProgramCounter" 4 1;
 .timescale 0 0;
    .port_info 0 /INPUT 1 "clk";
    .port_info 1 /INPUT 1 "reset";
    .port_info 2 /INPUT 8 "pc_in";
    .port_info 3 /OUTPUT 8 "pc_out";
o0x7fd82ba03258 .functor BUFZ 1, C4<z>; HiZ drive
v0x7fffe2263bc0_0 .net "clk", 0 0, o0x7fd82ba03258;  0 drivers
o0x7fd82ba03288 .functor BUFZ 8, C4<zzzzzzzz>; HiZ drive
v0x7fffe2263ca0_0 .net "pc_in", 7 0, o0x7fd82ba03288;  0 drivers
v0x7fffe2263d80_0 .var "pc_out", 7 0;
o0x7fd82ba032e8 .functor BUFZ 1, C4<z>; HiZ drive
v0x7fffe2263e70_0 .net "reset", 0 0, o0x7fd82ba032e8;  0 drivers
E_0x7fffe222fb00 .event posedge, v0x7fffe2263e70_0, v0x7fffe2263bc0_0;
S_0x7fffe2243ac0 .scope module, "Register" "Register" 5 1;
 .timescale 0 0;
    .port_info 0 /INPUT 1 "clk";
    .port_info 1 /INPUT 4 "in";
    .port_info 2 /OUTPUT 4 "out";
o0x7fd82ba033d8 .functor BUFZ 1, C4<z>; HiZ drive
v0x7fffe2264020_0 .net "clk", 0 0, o0x7fd82ba033d8;  0 drivers
o0x7fd82ba03408 .functor BUFZ 4, C4<zzzz>; HiZ drive
v0x7fffe2264100_0 .net "in", 3 0, o0x7fd82ba03408;  0 drivers
v0x7fffe22641e0_0 .var "out", 3 0;
E_0x7fffe222fb40 .event posedge, v0x7fffe2264020_0;
    .scope S_0x7fffe2235a50;
T_0 ;
    %wait E_0x7fffe2240ef0;
    %load/vec4 v0x7fffe2260580_0;
    %dup/vec4;
    %pushi/vec4 0, 0, 2;
    %cmp/u;
    %jmp/1 T_0.0, 6;
    %dup/vec4;
    %pushi/vec4 1, 0, 2;
    %cmp/u;
    %jmp/1 T_0.1, 6;
    %dup/vec4;
    %pushi/vec4 2, 0, 2;
    %cmp/u;
    %jmp/1 T_0.2, 6;
    %dup/vec4;
    %pushi/vec4 3, 0, 2;
    %cmp/u;
    %jmp/1 T_0.3, 6;
    %pushi/vec4 0, 0, 4;
    %store/vec4 v0x7fffe2260720_0, 0, 4;
    %jmp T_0.5;
T_0.0 ;
    %load/vec4 v0x7fffe2243ca0_0;
    %load/vec4 v0x7fffe2260660_0;
    %add;
    %store/vec4 v0x7fffe2260720_0, 0, 4;
    %jmp T_0.5;
T_0.1 ;
    %load/vec4 v0x7fffe2243ca0_0;
    %load/vec4 v0x7fffe2260660_0;
    %sub;
    %store/vec4 v0x7fffe2260720_0, 0, 4;
    %jmp T_0.5;
T_0.2 ;
    %load/vec4 v0x7fffe2243ca0_0;
    %load/vec4 v0x7fffe2260660_0;
    %and;
    %store/vec4 v0x7fffe2260720_0, 0, 4;
    %jmp T_0.5;
T_0.3 ;
    %load/vec4 v0x7fffe2243ca0_0;
    %load/vec4 v0x7fffe2260660_0;
    %or;
    %store/vec4 v0x7fffe2260720_0, 0, 4;
    %jmp T_0.5;
T_0.5 ;
    %pop/vec4 1;
    %jmp T_0;
    .thread T_0, $push;
    .scope S_0x7fffe22457a0;
T_1 ;
    %pushi/vec4 4114, 0, 16;
    %ix/load 4, 0, 0;
    %flag_set/imm 4, 0;
    %store/vec4a v0x7fffe2261290, 4, 0;
    %pushi/vec4 8724, 0, 16;
    %ix/load 4, 1, 0;
    %flag_set/imm 4, 0;
    %store/vec4a v0x7fffe2261290, 4, 0;
    %end;
    .thread T_1;
    .scope S_0x7fffe22457a0;
T_2 ;
    %wait E_0x7fffe222b9b0;
    %load/vec4 v0x7fffe22610b0_0;
    %pad/u 10;
    %ix/vec4 4;
    %load/vec4a v0x7fffe2261290, 4;
    %store/vec4 v0x7fffe22611b0_0, 0, 16;
    %jmp T_2;
    .thread T_2, $push;
    .scope S_0x7fffe2245930;
T_3 ;
    %wait E_0x7fffe222fb00;
    %load/vec4 v0x7fffe2263e70_0;
    %flag_set/vec4 8;
    %jmp/0xz  T_3.0, 8;
    %pushi/vec4 0, 0, 8;
    %assign/vec4 v0x7fffe2263d80_0, 0;
    %jmp T_3.1;
T_3.0 ;
    %load/vec4 v0x7fffe2263ca0_0;
    %assign/vec4 v0x7fffe2263d80_0, 0;
T_3.1 ;
    %jmp T_3;
    .thread T_3;
    .scope S_0x7fffe2243ac0;
T_4 ;
    %wait E_0x7fffe222fb40;
    %load/vec4 v0x7fffe2264100_0;
    %assign/vec4 v0x7fffe22641e0_0, 0;
    %jmp T_4;
    .thread T_4;
# The file index is used to find the file name in the following table.
:file_names 6;
    "N/A";
    "<interactive>";
    "alu.v";
    "instrc_mem.v";
    "pc.v";
    "register.v";
